2013-05-21 15:45:14.010 GMT : Apache Derby Network Server - 10.6.2.1 - (999685) started and ready to accept connections on port 1527
----------------------------------------------------------------
2013-05-21 15:45:14.757 GMT:
Booting Derby version The Apache Software Foundation - Apache Derby - 10.6.2.1 - (999685): instance a816c00e-013e-c7c4-0aa1-ffffe12bbf38 
on database directory C:\Users\211126012.ADS\Desktop\NetBeansProjects\restaurantsalesapplication\restaurantdb  with class loader sun.misc.Launcher$AppClassLoader@35ce36 
Loaded from file:/C:/Program%20Files/Sun/JavaDB/lib/derby.jar
java.vendor=Sun Microsystems Inc.
java.runtime.version=1.6.0_39-b04
Database Class Loader started - derby.database.classpath=''

2013-05-21 15:45:19.943 GMT:
Shutting down instance a816c00e-013e-c7c4-0aa1-ffffe12bbf38 with class loader sun.misc.Launcher$AppClassLoader@35ce36 
----------------------------------------------------------------
2013-05-21 15:45:20.073 GMT Thread[DRDAConnThread_3,5,main] (DATABASE = restaurantdb), (DRDAID = {2}), Database 'restaurantdb' shutdown.
----------------------------------------------------------------
2013-05-21 16:19:23.733 GMT:
Booting Derby version The Apache Software Foundation - Apache Derby - 10.6.2.1 - (999685): instance 341cc09e-013e-c7c4-0aa1-ffffe12bbf38 
on database directory C:\Users\211126012.ADS\Desktop\NetBeansProjects\restaurantsalesapplication\restaurantdb  with class loader sun.misc.Launcher$AppClassLoader@35ce36 
Loaded from file:/C:/Program%20Files/Sun/JavaDB/lib/derby.jar
java.vendor=Sun Microsystems Inc.
java.runtime.version=1.6.0_39-b04
Database Class Loader started - derby.database.classpath=''
----------------------------------------------------------------
2013-05-21 16:22:28.510 GMT:
Booting Derby version The Apache Software Foundation - Apache Derby - 10.6.2.1 - (999685): instance 176240b2-013e-c7c4-0aa1-ffffe12bbf38 
on database directory C:\Users\211126012.ADS\Desktop\NetBeansProjects\restaurantsalesapplication\sample  with class loader sun.misc.Launcher$AppClassLoader@35ce36 
Loaded from file:/C:/Program%20Files/Sun/JavaDB/lib/derby.jar
java.vendor=Sun Microsystems Inc.
java.runtime.version=1.6.0_39-b04
Database Class Loader started - derby.database.classpath=''

2013-05-21 16:22:33.319 GMT:
Shutting down instance 176240b2-013e-c7c4-0aa1-ffffe12bbf38 with class loader sun.misc.Launcher$AppClassLoader@35ce36 
----------------------------------------------------------------
2013-05-21 16:22:33.385 GMT Thread[DRDAConnThread_3,5,main] (DATABASE = sample), (DRDAID = {5}), Database 'sample' shutdown.
----------------------------------------------------------------
2013-05-21 16:22:37.206 GMT:
Booting Derby version The Apache Software Foundation - Apache Derby - 10.6.2.1 - (999685): instance 9188413f-013e-c7c4-0aa1-ffffe12bbf38 
on database directory C:\Users\211126012.ADS\Desktop\NetBeansProjects\restaurantsalesapplication\sample  with class loader sun.misc.Launcher$AppClassLoader@35ce36 
Loaded from file:/C:/Program%20Files/Sun/JavaDB/lib/derby.jar
java.vendor=Sun Microsystems Inc.
java.runtime.version=1.6.0_39-b04
Database Class Loader started - derby.database.classpath=''
